<?xml version="1.0" encoding="UTF-8"?>
<testsuite name="notemates.TestService" tests="1" skipped="0" failures="0" errors="0" timestamp="2017-02-16T09:56:49" hostname="EPBYMINW5392" time="0.005">
  <properties/>
  <testcase name="testMessage" classname="notemates.TestService" time="0.005"/>
  <system-out><![CDATA[]]></system-out>
  <system-err><![CDATA[]]></system-err>
</testsuite>
